2025-03-14 at 10:29:03 | INFO | Бот создан
2025-03-14 at 10:29:03 | INFO | Диспетчер создан
2025-03-14 at 10:29:03 | ERROR | Ошибка при отправке сообщения 2 validation errors for SendMessage
chat_id.int
  Input should be a valid integer [type=int_type, input_value=None, input_type=NoneType]
    For further information visit https://errors.pydantic.dev/2.10/v/int_type
chat_id.str
  Input should be a valid string [type=string_type, input_value=None, input_type=NoneType]
    For further information visit https://errors.pydantic.dev/2.10/v/string_type
2025-03-14 at 10:29:33 | ERROR | Ошибка при отправке сообщения 2 validation errors for SendMessage
chat_id.int
  Input should be a valid integer [type=int_type, input_value=None, input_type=NoneType]
    For further information visit https://errors.pydantic.dev/2.10/v/int_type
chat_id.str
  Input should be a valid string [type=string_type, input_value=None, input_type=NoneType]
    For further information visit https://errors.pydantic.dev/2.10/v/string_type
2025-03-14 at 10:30:04 | ERROR | Ошибка при отправке сообщения 2 validation errors for SendMessage
chat_id.int
  Input should be a valid integer [type=int_type, input_value=None, input_type=NoneType]
    For further information visit https://errors.pydantic.dev/2.10/v/int_type
chat_id.str
  Input should be a valid string [type=string_type, input_value=None, input_type=NoneType]
    For further information visit https://errors.pydantic.dev/2.10/v/string_type
2025-03-14 at 10:30:34 | ERROR | Ошибка при отправке сообщения 2 validation errors for SendMessage
chat_id.int
  Input should be a valid integer [type=int_type, input_value=None, input_type=NoneType]
    For further information visit https://errors.pydantic.dev/2.10/v/int_type
chat_id.str
  Input should be a valid string [type=string_type, input_value=None, input_type=NoneType]
    For further information visit https://errors.pydantic.dev/2.10/v/string_type
2025-03-14 at 10:31:04 | ERROR | Ошибка при отправке сообщения 2 validation errors for SendMessage
chat_id.int
  Input should be a valid integer [type=int_type, input_value=None, input_type=NoneType]
    For further information visit https://errors.pydantic.dev/2.10/v/int_type
chat_id.str
  Input should be a valid string [type=string_type, input_value=None, input_type=NoneType]
    For further information visit https://errors.pydantic.dev/2.10/v/string_type
2025-03-14 at 10:31:35 | ERROR | Ошибка при отправке сообщения 2 validation errors for SendMessage
chat_id.int
  Input should be a valid integer [type=int_type, input_value=None, input_type=NoneType]
    For further information visit https://errors.pydantic.dev/2.10/v/int_type
chat_id.str
  Input should be a valid string [type=string_type, input_value=None, input_type=NoneType]
    For further information visit https://errors.pydantic.dev/2.10/v/string_type
2025-03-14 at 10:32:05 | ERROR | Ошибка при отправке сообщения 2 validation errors for SendMessage
chat_id.int
  Input should be a valid integer [type=int_type, input_value=None, input_type=NoneType]
    For further information visit https://errors.pydantic.dev/2.10/v/int_type
chat_id.str
  Input should be a valid string [type=string_type, input_value=None, input_type=NoneType]
    For further information visit https://errors.pydantic.dev/2.10/v/string_type
2025-03-14 at 10:32:35 | ERROR | Ошибка при отправке сообщения 2 validation errors for SendMessage
chat_id.int
  Input should be a valid integer [type=int_type, input_value=None, input_type=NoneType]
    For further information visit https://errors.pydantic.dev/2.10/v/int_type
chat_id.str
  Input should be a valid string [type=string_type, input_value=None, input_type=NoneType]
    For further information visit https://errors.pydantic.dev/2.10/v/string_type
2025-03-14 at 10:33:06 | ERROR | Ошибка при отправке сообщения 2 validation errors for SendMessage
chat_id.int
  Input should be a valid integer [type=int_type, input_value=None, input_type=NoneType]
    For further information visit https://errors.pydantic.dev/2.10/v/int_type
chat_id.str
  Input should be a valid string [type=string_type, input_value=None, input_type=NoneType]
    For further information visit https://errors.pydantic.dev/2.10/v/string_type
2025-03-14 at 10:33:36 | ERROR | Ошибка при отправке сообщения 2 validation errors for SendMessage
chat_id.int
  Input should be a valid integer [type=int_type, input_value=None, input_type=NoneType]
    For further information visit https://errors.pydantic.dev/2.10/v/int_type
chat_id.str
  Input should be a valid string [type=string_type, input_value=None, input_type=NoneType]
    For further information visit https://errors.pydantic.dev/2.10/v/string_type
2025-03-14 at 10:34:06 | ERROR | Ошибка при отправке сообщения 2 validation errors for SendMessage
chat_id.int
  Input should be a valid integer [type=int_type, input_value=None, input_type=NoneType]
    For further information visit https://errors.pydantic.dev/2.10/v/int_type
chat_id.str
  Input should be a valid string [type=string_type, input_value=None, input_type=NoneType]
    For further information visit https://errors.pydantic.dev/2.10/v/string_type
2025-03-14 at 10:34:37 | ERROR | Ошибка при отправке сообщения 2 validation errors for SendMessage
chat_id.int
  Input should be a valid integer [type=int_type, input_value=None, input_type=NoneType]
    For further information visit https://errors.pydantic.dev/2.10/v/int_type
chat_id.str
  Input should be a valid string [type=string_type, input_value=None, input_type=NoneType]
    For further information visit https://errors.pydantic.dev/2.10/v/string_type
2025-03-14 at 10:35:07 | ERROR | Ошибка при отправке сообщения 2 validation errors for SendMessage
chat_id.int
  Input should be a valid integer [type=int_type, input_value=None, input_type=NoneType]
    For further information visit https://errors.pydantic.dev/2.10/v/int_type
chat_id.str
  Input should be a valid string [type=string_type, input_value=None, input_type=NoneType]
    For further information visit https://errors.pydantic.dev/2.10/v/string_type
2025-03-14 at 10:35:37 | ERROR | Ошибка при отправке сообщения 2 validation errors for SendMessage
chat_id.int
  Input should be a valid integer [type=int_type, input_value=None, input_type=NoneType]
    For further information visit https://errors.pydantic.dev/2.10/v/int_type
chat_id.str
  Input should be a valid string [type=string_type, input_value=None, input_type=NoneType]
    For further information visit https://errors.pydantic.dev/2.10/v/string_type
2025-03-14 at 10:36:07 | ERROR | Ошибка при отправке сообщения 2 validation errors for SendMessage
chat_id.int
  Input should be a valid integer [type=int_type, input_value=None, input_type=NoneType]
    For further information visit https://errors.pydantic.dev/2.10/v/int_type
chat_id.str
  Input should be a valid string [type=string_type, input_value=None, input_type=NoneType]
    For further information visit https://errors.pydantic.dev/2.10/v/string_type
2025-03-14 at 10:36:38 | ERROR | Ошибка при отправке сообщения 2 validation errors for SendMessage
chat_id.int
  Input should be a valid integer [type=int_type, input_value=None, input_type=NoneType]
    For further information visit https://errors.pydantic.dev/2.10/v/int_type
chat_id.str
  Input should be a valid string [type=string_type, input_value=None, input_type=NoneType]
    For further information visit https://errors.pydantic.dev/2.10/v/string_type
2025-03-14 at 10:37:08 | ERROR | Ошибка при отправке сообщения 2 validation errors for SendMessage
chat_id.int
  Input should be a valid integer [type=int_type, input_value=None, input_type=NoneType]
    For further information visit https://errors.pydantic.dev/2.10/v/int_type
chat_id.str
  Input should be a valid string [type=string_type, input_value=None, input_type=NoneType]
    For further information visit https://errors.pydantic.dev/2.10/v/string_type
2025-03-14 at 10:37:39 | ERROR | Ошибка при отправке сообщения 2 validation errors for SendMessage
chat_id.int
  Input should be a valid integer [type=int_type, input_value=None, input_type=NoneType]
    For further information visit https://errors.pydantic.dev/2.10/v/int_type
chat_id.str
  Input should be a valid string [type=string_type, input_value=None, input_type=NoneType]
    For further information visit https://errors.pydantic.dev/2.10/v/string_type
2025-03-14 at 10:38:09 | ERROR | Ошибка при отправке сообщения 2 validation errors for SendMessage
chat_id.int
  Input should be a valid integer [type=int_type, input_value=None, input_type=NoneType]
    For further information visit https://errors.pydantic.dev/2.10/v/int_type
chat_id.str
  Input should be a valid string [type=string_type, input_value=None, input_type=NoneType]
    For further information visit https://errors.pydantic.dev/2.10/v/string_type
2025-03-14 at 10:38:39 | ERROR | Ошибка при отправке сообщения 2 validation errors for SendMessage
chat_id.int
  Input should be a valid integer [type=int_type, input_value=None, input_type=NoneType]
    For further information visit https://errors.pydantic.dev/2.10/v/int_type
chat_id.str
  Input should be a valid string [type=string_type, input_value=None, input_type=NoneType]
    For further information visit https://errors.pydantic.dev/2.10/v/string_type
2025-03-14 at 10:39:09 | ERROR | Ошибка при отправке сообщения 2 validation errors for SendMessage
chat_id.int
  Input should be a valid integer [type=int_type, input_value=None, input_type=NoneType]
    For further information visit https://errors.pydantic.dev/2.10/v/int_type
chat_id.str
  Input should be a valid string [type=string_type, input_value=None, input_type=NoneType]
    For further information visit https://errors.pydantic.dev/2.10/v/string_type
2025-03-14 at 10:39:40 | ERROR | Ошибка при отправке сообщения 2 validation errors for SendMessage
chat_id.int
  Input should be a valid integer [type=int_type, input_value=None, input_type=NoneType]
    For further information visit https://errors.pydantic.dev/2.10/v/int_type
chat_id.str
  Input should be a valid string [type=string_type, input_value=None, input_type=NoneType]
    For further information visit https://errors.pydantic.dev/2.10/v/string_type
2025-03-14 at 10:40:10 | ERROR | Ошибка при отправке сообщения 2 validation errors for SendMessage
chat_id.int
  Input should be a valid integer [type=int_type, input_value=None, input_type=NoneType]
    For further information visit https://errors.pydantic.dev/2.10/v/int_type
chat_id.str
  Input should be a valid string [type=string_type, input_value=None, input_type=NoneType]
    For further information visit https://errors.pydantic.dev/2.10/v/string_type
2025-03-14 at 10:40:40 | ERROR | Ошибка при отправке сообщения 2 validation errors for SendMessage
chat_id.int
  Input should be a valid integer [type=int_type, input_value=None, input_type=NoneType]
    For further information visit https://errors.pydantic.dev/2.10/v/int_type
chat_id.str
  Input should be a valid string [type=string_type, input_value=None, input_type=NoneType]
    For further information visit https://errors.pydantic.dev/2.10/v/string_type
2025-03-14 at 10:41:11 | ERROR | Ошибка при отправке сообщения 2 validation errors for SendMessage
chat_id.int
  Input should be a valid integer [type=int_type, input_value=None, input_type=NoneType]
    For further information visit https://errors.pydantic.dev/2.10/v/int_type
chat_id.str
  Input should be a valid string [type=string_type, input_value=None, input_type=NoneType]
    For further information visit https://errors.pydantic.dev/2.10/v/string_type
2025-03-14 at 10:41:27 | INFO | Бот остановлен
2025-03-14 at 10:41:31 | INFO | Бот создан
2025-03-14 at 10:41:31 | INFO | Диспетчер создан
2025-03-14 at 10:41:31 | ERROR | Ошибка при отправке сообщения Telegram server says - Bad Request: chat not found
2025-03-14 at 10:42:02 | ERROR | Ошибка при отправке сообщения Telegram server says - Bad Request: chat not found
2025-03-14 at 10:42:32 | ERROR | Ошибка при отправке сообщения Telegram server says - Bad Request: chat not found
2025-03-14 at 10:43:02 | ERROR | Ошибка при отправке сообщения Telegram server says - Bad Request: chat not found
2025-03-14 at 10:43:33 | ERROR | Ошибка при отправке сообщения Telegram server says - Bad Request: chat not found
2025-03-14 at 10:44:03 | ERROR | Ошибка при отправке сообщения Telegram server says - Bad Request: chat not found
2025-03-14 at 10:44:33 | ERROR | Ошибка при отправке сообщения Telegram server says - Bad Request: chat not found
2025-03-14 at 10:45:04 | ERROR | Ошибка при отправке сообщения Telegram server says - Bad Request: chat not found
2025-03-14 at 10:45:20 | INFO | Бот остановлен
2025-03-14 at 10:45:24 | INFO | Бот создан
2025-03-14 at 10:45:24 | INFO | Диспетчер создан
2025-03-14 at 10:45:25 | ERROR | Ошибка при отправке сообщения Telegram server says - Bad Request: chat not found
2025-03-14 at 10:45:55 | ERROR | Ошибка при отправке сообщения Telegram server says - Bad Request: chat not found
2025-03-14 at 10:46:18 | INFO | Бот остановлен
2025-03-14 at 10:47:06 | INFO | Бот создан
2025-03-14 at 10:47:06 | INFO | Диспетчер создан
2025-03-14 at 10:47:06 | ERROR | Ошибка при отправке сообщения Telegram server says - Bad Request: chat not found
2025-03-14 at 10:47:18 | INFO | Бот остановлен
2025-03-14 at 10:48:44 | INFO | Бот создан
2025-03-14 at 10:48:44 | INFO | Диспетчер создан
2025-03-14 at 10:48:44 | ERROR | Ошибка при отправке сообщения Telegram server says - Bad Request: chat not found
2025-03-14 at 10:48:55 | INFO | Бот остановлен
2025-03-14 at 10:48:58 | INFO | Бот создан
2025-03-14 at 10:48:58 | INFO | Диспетчер создан
2025-03-14 at 10:48:58 | ERROR | Ошибка при отправке сообщения Telegram server says - Bad Request: chat not found
2025-03-14 at 10:49:28 | ERROR | Ошибка при отправке сообщения Telegram server says - Bad Request: chat not found
2025-03-14 at 10:49:58 | INFO | Бот остановлен
2025-03-14 at 10:50:20 | INFO | Бот создан
2025-03-14 at 10:50:20 | INFO | Диспетчер создан
2025-03-14 at 10:50:20 | ERROR | Ошибка при отправке сообщения Telegram server says - Bad Request: chat not found
2025-03-14 at 10:50:22 | INFO | Бот остановлен
2025-03-14 at 10:51:10 | INFO | Бот создан
2025-03-14 at 10:51:10 | INFO | Диспетчер создан
2025-03-14 at 10:51:10 | ERROR | Ошибка при отправке сообщения 2 validation errors for SendMessage
chat_id.int
  Input should be a valid integer [type=int_type, input_value=None, input_type=NoneType]
    For further information visit https://errors.pydantic.dev/2.10/v/int_type
chat_id.str
  Input should be a valid string [type=string_type, input_value=None, input_type=NoneType]
    For further information visit https://errors.pydantic.dev/2.10/v/string_type
2025-03-14 at 10:51:40 | ERROR | Ошибка при отправке сообщения 2 validation errors for SendMessage
chat_id.int
  Input should be a valid integer [type=int_type, input_value=None, input_type=NoneType]
    For further information visit https://errors.pydantic.dev/2.10/v/int_type
chat_id.str
  Input should be a valid string [type=string_type, input_value=None, input_type=NoneType]
    For further information visit https://errors.pydantic.dev/2.10/v/string_type
2025-03-14 at 10:51:44 | INFO | Бот остановлен
2025-03-14 at 10:51:48 | INFO | Бот создан
2025-03-14 at 10:51:48 | INFO | Диспетчер создан
2025-03-14 at 10:51:48 | ERROR | Ошибка при отправке сообщения Telegram server says - Bad Request: chat not found
2025-03-14 at 10:51:59 | INFO | Бот остановлен
